  app.cpp
C:\dev\cpp_projects\hazel\Hazel\Hazel\src\hazel\logger\Log.h(12,54): warning C4251: 'Hazel::Log::s_CoreLogger': class 'std::shared_ptr<spdlog::logger>' needs to have dll-interface to be used by clients of class 'Hazel::Log'
C:\dev\cpp_projects\hazel\Hazel\Hazel\vendor\spdlog\include\spdlog\details\registry.h(34): message : see declaration of 'std::shared_ptr<spdlog::logger>'
C:\dev\cpp_projects\hazel\Hazel\Hazel\src\hazel\logger\Log.h(13,56): warning C4251: 'Hazel::Log::s_ClientLogger': class 'std::shared_ptr<spdlog::logger>' needs to have dll-interface to be used by clients of class 'Hazel::Log'
C:\dev\cpp_projects\hazel\Hazel\Hazel\vendor\spdlog\include\spdlog\details\registry.h(34): message : see declaration of 'std::shared_ptr<spdlog::logger>'
C:\dev\cpp_projects\hazel\Hazel\Hazel\src\hazel\logger\Log.h(46,1): warning C4005: 'CORE_ASSERT': macro redefinition
C:\dev\cpp_projects\hazel\Hazel\Hazel\src\hazel\core.h(21): message : see previous definition of 'CORE_ASSERT'
C:\dev\cpp_projects\hazel\Hazel\Hazel\src\hazel\app.h(24,35): warning C4251: 'Hazel::Application::m_window': class 'std::unique_ptr<Hazel::Window,std::default_delete<Hazel::Window>>' needs to have dll-interface to be used by clients of class 'Hazel::Application'
C:\dev\cpp_projects\hazel\Hazel\Hazel\src\hazel\app.h(24): message : see declaration of 'std::unique_ptr<Hazel::Window,std::default_delete<Hazel::Window>>'
  Log.cpp
C:\dev\cpp_projects\hazel\Hazel\Hazel\src\hazel\logger\Log.h(12,54): warning C4251: 'Hazel::Log::s_CoreLogger': class 'std::shared_ptr<spdlog::logger>' needs to have dll-interface to be used by clients of class 'Hazel::Log'
C:\dev\cpp_projects\hazel\Hazel\Hazel\vendor\spdlog\include\spdlog\details\registry.h(34): message : see declaration of 'std::shared_ptr<spdlog::logger>'
C:\dev\cpp_projects\hazel\Hazel\Hazel\src\hazel\logger\Log.h(13,56): warning C4251: 'Hazel::Log::s_ClientLogger': class 'std::shared_ptr<spdlog::logger>' needs to have dll-interface to be used by clients of class 'Hazel::Log'
C:\dev\cpp_projects\hazel\Hazel\Hazel\vendor\spdlog\include\spdlog\details\registry.h(34): message : see declaration of 'std::shared_ptr<spdlog::logger>'
C:\dev\cpp_projects\hazel\Hazel\Hazel\src\hazel\logger\Log.h(46,1): warning C4005: 'CORE_ASSERT': macro redefinition
C:\dev\cpp_projects\hazel\Hazel\Hazel\src\hazel\core.h(21): message : see previous definition of 'CORE_ASSERT'
  hzpch.cpp
C:\dev\cpp_projects\hazel\Hazel\Hazel\src\hazel\logger\Log.h(12,54): warning C4251: 'Hazel::Log::s_CoreLogger': class 'std::shared_ptr<spdlog::logger>' needs to have dll-interface to be used by clients of class 'Hazel::Log'
C:\dev\cpp_projects\hazel\Hazel\Hazel\vendor\spdlog\include\spdlog\details\registry.h(34): message : see declaration of 'std::shared_ptr<spdlog::logger>'
C:\dev\cpp_projects\hazel\Hazel\Hazel\src\hazel\logger\Log.h(13,56): warning C4251: 'Hazel::Log::s_ClientLogger': class 'std::shared_ptr<spdlog::logger>' needs to have dll-interface to be used by clients of class 'Hazel::Log'
C:\dev\cpp_projects\hazel\Hazel\Hazel\vendor\spdlog\include\spdlog\details\registry.h(34): message : see declaration of 'std::shared_ptr<spdlog::logger>'
C:\dev\cpp_projects\hazel\Hazel\Hazel\src\hazel\logger\Log.h(46,1): warning C4005: 'CORE_ASSERT': macro redefinition
C:\dev\cpp_projects\hazel\Hazel\Hazel\src\hazel\core.h(21): message : see previous definition of 'CORE_ASSERT'
  WindowsWindow.cpp
C:\dev\cpp_projects\hazel\Hazel\Hazel\src\hazel\logger\Log.h(12,54): warning C4251: 'Hazel::Log::s_CoreLogger': class 'std::shared_ptr<spdlog::logger>' needs to have dll-interface to be used by clients of class 'Hazel::Log'
C:\dev\cpp_projects\hazel\Hazel\Hazel\vendor\spdlog\include\spdlog\details\registry.h(34): message : see declaration of 'std::shared_ptr<spdlog::logger>'
C:\dev\cpp_projects\hazel\Hazel\Hazel\src\hazel\logger\Log.h(13,56): warning C4251: 'Hazel::Log::s_ClientLogger': class 'std::shared_ptr<spdlog::logger>' needs to have dll-interface to be used by clients of class 'Hazel::Log'
C:\dev\cpp_projects\hazel\Hazel\Hazel\vendor\spdlog\include\spdlog\details\registry.h(34): message : see declaration of 'std::shared_ptr<spdlog::logger>'
C:\dev\cpp_projects\hazel\Hazel\Hazel\src\hazel\logger\Log.h(46,1): warning C4005: 'CORE_ASSERT': macro redefinition
C:\dev\cpp_projects\hazel\Hazel\Hazel\src\hazel\core.h(21): message : see previous definition of 'CORE_ASSERT'
C:\dev\cpp_projects\hazel\Hazel\Hazel\src\platform\windows\WindowsWindow.cpp(35,4): warning C4002: too many arguments for function-like macro invocation 'CORE_ASSERT'
  Generating Code...
     Creating library ..\bin\Debug-windows-x86_64\Hazel\Hazel.lib and object ..\bin\Debug-windows-x86_64\Hazel\Hazel.exp
  Hazel.vcxproj -> C:\dev\cpp_projects\hazel\Hazel\Hazel\..\bin\Debug-windows-x86_64\Hazel\Hazel.dll
